<?xml version="1.0" encoding="UTF-8"?>
<!-- Generated by org.testng.reporters.JUnitReportReporter -->
<testsuite hostname="BISWAJIT2000" failures="0" tests="1" name="Session03.Test_DeleteMethod" time="2.573" errors="0" timestamp="2023-08-21T23:16:17 IST" skipped="0">
  <testcase classname="Session03.Test_DeleteMethod" name="test06" time="2.573"/>
  <system-out/>
</testsuite> <!-- Session03.Test_DeleteMethod -->
