<?xml version="1.0" encoding="UTF-8"?>
<!-- Generated by org.testng.reporters.JUnitReportReporter -->
<testsuite hostname="BISWAJIT2000" failures="0" tests="1" name="Session04.CheckForValidResponse" time="3.644" errors="0" timestamp="2023-08-23T23:51:36 IST" skipped="0">
  <testcase classname="Session04.CheckForValidResponse" name="getSingleUser" time="3.644"/>
  <system-out/>
</testsuite> <!-- Session04.CheckForValidResponse -->
