<?xml version="1.0" encoding="UTF-8"?>
<!-- Generated by org.testng.reporters.JUnitReportReporter -->
<testsuite hostname="BISWAJIT2000" failures="0" tests="1" name="FirstGetRequest" time="2.287" errors="0" timestamp="2023-08-21T21:49:42 IST" skipped="0">
  <testcase classname="FirstGetRequest" name="testcase01" time="2.287"/>
  <system-out/>
</testsuite> <!-- FirstGetRequest -->
