<?xml version="1.0" encoding="UTF-8"?>
<!-- Generated by org.testng.reporters.JUnitReportReporter -->
<testsuite hostname="BISWAJIT2000" failures="0" tests="1" name="Session03.Test_GetMethod" time="2.384" errors="0" timestamp="2023-08-21T22:19:53 IST" skipped="0">
  <testcase classname="Session03.Test_GetMethod" name="test02" time="2.384"/>
  <system-out/>
</testsuite> <!-- Session03.Test_GetMethod -->
